2014/07/26 16:30:06 D:/golang/workspace/asbuilder/src/e1/server/server.go:23: 
2014/07/26 16:30:06 D:/golang/workspace/asbuilder/src/e1/server/server.go:24: ---------------------------------
2014/07/26 16:30:06 D:/golang/workspace/asbuilder/src/e1/server/server.go:25: 服务器为2核
2014/07/26 16:30:06 D:/golang/workspace/asbuilder/src/e1/server/server.go:27: Load server config error.
2014/07/26 16:32:06 D:/golang/workspace/asbuilder/src/e1/server/server.go:23: 
2014/07/26 16:32:06 D:/golang/workspace/asbuilder/src/e1/server/server.go:24: ---------------------------------
2014/07/26 16:32:06 D:/golang/workspace/asbuilder/src/e1/server/server.go:25: 服务器为2核
2014/07/26 16:32:06 D:/golang/workspace/asbuilder/src/e1/cfg/cfgloader.go:48: Server config load success.
2014/07/26 16:32:06 D:/golang/workspace/asbuilder/src/e1/mgr/dbmgr.go:24: DataBase connect success.
2014/07/26 16:32:06 D:/golang/workspace/asbuilder/src/e1/server/server.go:39: 服务器启动成功
2014/07/26 16:34:17 D:/golang/workspace/asbuilder/src/e1/server/server.go:23: 
2014/07/26 16:34:17 D:/golang/workspace/asbuilder/src/e1/server/server.go:24: ---------------------------------
2014/07/26 16:34:17 D:/golang/workspace/asbuilder/src/e1/server/server.go:25: 服务器为2核
2014/07/26 16:34:17 D:/golang/workspace/asbuilder/src/e1/cfg/cfgloader.go:48: Server config load success.
2014/07/26 16:34:17 D:/golang/workspace/asbuilder/src/e1/mgr/dbmgr.go:24: DataBase connect success.
2014/07/26 16:34:17 D:/golang/workspace/asbuilder/src/e1/server/server.go:39: 服务器启动成功
2014/07/26 16:34:30 D:/golang/workspace/asbuilder/src/e1/server/server.go:23: 
2014/07/26 16:34:30 D:/golang/workspace/asbuilder/src/e1/server/server.go:24: ---------------------------------
2014/07/26 16:34:30 D:/golang/workspace/asbuilder/src/e1/server/server.go:25: 服务器为2核
2014/07/26 16:34:30 D:/golang/workspace/asbuilder/src/e1/cfg/cfgloader.go:48: Server config load success.
2014/07/26 16:34:30 D:/golang/workspace/asbuilder/src/e1/mgr/dbmgr.go:24: DataBase connect success.
2014/07/26 16:34:30 D:/golang/workspace/asbuilder/src/e1/server/server.go:39: 服务器启动成功
2014/07/26 16:36:10 D:/golang/workspace/asbuilder/src/e1/server/server.go:23: 
2014/07/26 16:36:10 D:/golang/workspace/asbuilder/src/e1/server/server.go:24: ---------------------------------
2014/07/26 16:36:10 D:/golang/workspace/asbuilder/src/e1/server/server.go:25: 服务器为2核
2014/07/26 16:36:10 D:/golang/workspace/asbuilder/src/e1/cfg/cfgloader.go:48: Server config load success.
2014/07/26 16:36:10 D:/golang/workspace/asbuilder/src/e1/mgr/dbmgr.go:24: DataBase connect success.
2014/07/26 16:36:10 D:/golang/workspace/asbuilder/src/e1/server/server.go:39: 服务器启动成功
2014/07/26 16:36:45 D:/golang/workspace/asbuilder/src/e1/server/server.go:23: 
2014/07/26 16:36:45 D:/golang/workspace/asbuilder/src/e1/server/server.go:24: ---------------------------------
2014/07/26 16:36:45 D:/golang/workspace/asbuilder/src/e1/server/server.go:25: 服务器为2核
2014/07/26 16:36:45 D:/golang/workspace/asbuilder/src/e1/cfg/cfgloader.go:48: Server config load success.
2014/07/26 16:36:45 D:/golang/workspace/asbuilder/src/e1/mgr/dbmgr.go:24: DataBase connect success.
2014/07/26 16:36:45 D:/golang/workspace/asbuilder/src/e1/server/server.go:39: 服务器启动成功
2014/07/26 16:36:54 D:/golang/workspace/asbuilder/src/e1/module/msgbuild.go:113: exec: "D:/golang/workspace/asbuilderbuild/betraygods/main/build.bat": file does not exist 
